c:\codeanal-wpf 6\mockchannel\debug\vc140.pdb
c:\codeanal-wpf 6\mockchannel\debug\vc140.idb
c:\codeanal-wpf 6\mockchannel\debug\client.obj
c:\codeanal-wpf 6\mockchannel\debug\filesystem.obj
c:\codeanal-wpf 6\mockchannel\debug\httpmessage.obj
c:\codeanal-wpf 6\mockchannel\debug\logger.obj
c:\codeanal-wpf 6\mockchannel\debug\sockets.obj
c:\codeanal-wpf 6\mockchannel\debug\utilities.obj
c:\codeanal-wpf 6\mockchannel\debug\cpp11-blockingqueue.obj
c:\codeanal-wpf 6\mockchannel\debug\mockchannel.obj
c:\codeanal-wpf 6\debug\mockchannel.ilk
c:\codeanal-wpf 6\debug\mockchannel.dll
c:\codeanal-wpf 6\debug\mockchannel.pdb
c:\codeanal-wpf 6\debug\mockchannel.lib
c:\codeanal-wpf 6\debug\mockchannel.exp
c:\codeanal-wpf 6\mockchannel\debug\mockchannel.tlog\cl.command.1.tlog
c:\codeanal-wpf 6\mockchannel\debug\mockchannel.tlog\cl.read.1.tlog
c:\codeanal-wpf 6\mockchannel\debug\mockchannel.tlog\cl.write.1.tlog
c:\codeanal-wpf 6\mockchannel\debug\mockchannel.tlog\link.command.1.tlog
c:\codeanal-wpf 6\mockchannel\debug\mockchannel.tlog\link.read.1.tlog
c:\codeanal-wpf 6\mockchannel\debug\mockchannel.tlog\link.write.1.tlog
c:\codeanal-wpf 6\mockchannel\debug\mockchannel.tlog\mockchannel.write.1u.tlog
